warning: Git tree '/home/martin/dotfiles' is dirty
building the system configuration...
warning: Git tree '/home/martin/dotfiles' is dirty
these 7 derivations will be built:
  /nix/store/1hrry25lrx13s5sbgjh44jq4a60fv83l-vscode-user-settings.drv
  /nix/store/rmssmqnags0r7sa4z2f3xys6r98s4blq-home-manager-files.drv
  /nix/store/x47i9b48g0nwxjkxmrhm2dl6rc511696-home-manager-generation.drv
  /nix/store/gsqj50lvchlbxs7ziq9a33vbafxy295s-unit-home-manager-martin.service.drv
  /nix/store/kbc74rqf9nlfpsq14wv1hivz0kcmb3cn-system-units.drv
  /nix/store/xk2k2wcwjp7g6ckkp9f081cs53vrf6y1-etc.drv
  /nix/store/qzphk6pkw1gdbm5n1h3h1l71hrnn273m-nixos-system-nixos-24.11.20250219.36864ed.drv
building '/nix/store/1hrry25lrx13s5sbgjh44jq4a60fv83l-vscode-user-settings.drv'...
building '/nix/store/rmssmqnags0r7sa4z2f3xys6r98s4blq-home-manager-files.drv'...
building '/nix/store/x47i9b48g0nwxjkxmrhm2dl6rc511696-home-manager-generation.drv'...
building '/nix/store/gsqj50lvchlbxs7ziq9a33vbafxy295s-unit-home-manager-martin.service.drv'...
building '/nix/store/kbc74rqf9nlfpsq14wv1hivz0kcmb3cn-system-units.drv'...
building '/nix/store/xk2k2wcwjp7g6ckkp9f081cs53vrf6y1-etc.drv'...
building '/nix/store/qzphk6pkw1gdbm5n1h3h1l71hrnn273m-nixos-system-nixos-24.11.20250219.36864ed.drv'...
activating the configuration...
setting up /etc...
reloading user units for martin...
restarting sysinit-reactivation.target
